
**** Build of configuration Debug for project MSP430FR6989 ****

"C:\\ti\\Code Composer\\ccsv7\\utils\\bin\\gmake" -k -j 4 all -O 
'Building file: ../HardwarePWM.c'
'Invoking: MSP430 Compiler'
"C:/ti/Code Composer/ccsv7/tools/compiler/ti-cgt-msp430_16.9.3.LTS/bin/cl430" -vmspx --data_model=restricted --use_hw_mpy=F5 --include_path="C:/ti/Code Composer/ccsv7/ccs_base/msp430/include" --include_path="G:/School/Senior1/Embedded/GitHub/lab-4-timers-and-pwm-fraserj0/MSP430FR6989/MSP430FR6989" --include_path="C:/ti/Code Composer/ccsv7/tools/compiler/ti-cgt-msp430_16.9.3.LTS/include" --advice:power=all --advice:hw_config=all --define=__MSP430FR6989__ --define=_MPU_ENABLE -g --printf_support=minimal --diag_warning=225 --diag_wrap=off --display_error_number --silicon_errata=CPU21 --silicon_errata=CPU22 --silicon_errata=CPU40 --preproc_with_compile --preproc_dependency="HardwarePWM.d"  "../HardwarePWM.c"

>> Compilation failure
subdir_rules.mk:16: recipe for target 'HardwarePWM.obj' failed
"../HardwarePWM.c", line 14: error #20: identifier "P9SEL" is undefined
"../HardwarePWM.c", line 15: error #20: identifier "P9SEL2" is undefined
"../HardwarePWM.c", line 22: warning #994-D: missing return statement at end of non-void function "HardwarePWM"
"../HardwarePWM.c", line 35: remark #1544-D: (ULP 13.1) Detected loop counting up. Recommend loops count down as detecting zeros is easier
"../HardwarePWM.c", line 35: remark #1527-D: (ULP 2.1) Detected SW delay loop using empty loop. Recommend using a timer module instead
2 errors detected in the compilation of "../HardwarePWM.c".
gmake: *** [HardwarePWM.obj] Error 1
'Building file: ../Debouncing.c'
'Invoking: MSP430 Compiler'
"C:/ti/Code Composer/ccsv7/tools/compiler/ti-cgt-msp430_16.9.3.LTS/bin/cl430" -vmspx --data_model=restricted --use_hw_mpy=F5 --include_path="C:/ti/Code Composer/ccsv7/ccs_base/msp430/include" --include_path="G:/School/Senior1/Embedded/GitHub/lab-4-timers-and-pwm-fraserj0/MSP430FR6989/MSP430FR6989" --include_path="C:/ti/Code Composer/ccsv7/tools/compiler/ti-cgt-msp430_16.9.3.LTS/include" --advice:power=all --advice:hw_config=all --define=__MSP430FR6989__ --define=_MPU_ENABLE -g --printf_support=minimal --diag_warning=225 --diag_wrap=off --display_error_number --silicon_errata=CPU21 --silicon_errata=CPU22 --silicon_errata=CPU40 --preproc_with_compile --preproc_dependency="Debouncing.d"  "../Debouncing.c"
"../Debouncing.c", line 23: warning #994-D: missing return statement at end of non-void function "Debouncing"
'Finished building: ../Debouncing.c'
' '
'Building file: ../SoftwarePWM.c'
'Invoking: MSP430 Compiler'
"C:/ti/Code Composer/ccsv7/tools/compiler/ti-cgt-msp430_16.9.3.LTS/bin/cl430" -vmspx --data_model=restricted --use_hw_mpy=F5 --include_path="C:/ti/Code Composer/ccsv7/ccs_base/msp430/include" --include_path="G:/School/Senior1/Embedded/GitHub/lab-4-timers-and-pwm-fraserj0/MSP430FR6989/MSP430FR6989" --include_path="C:/ti/Code Composer/ccsv7/tools/compiler/ti-cgt-msp430_16.9.3.LTS/include" --advice:power=all --advice:hw_config=all --define=__MSP430FR6989__ --define=_MPU_ENABLE -g --printf_support=minimal --diag_warning=225 --diag_wrap=off --display_error_number --silicon_errata=CPU21 --silicon_errata=CPU22 --silicon_errata=CPU40 --preproc_with_compile --preproc_dependency="SoftwarePWM.d"  "../SoftwarePWM.c"
"../SoftwarePWM.c", line 24: warning #994-D: missing return statement at end of non-void function "SoftwarePWM"
"../SoftwarePWM.c", line 38: remark #1544-D: (ULP 13.1) Detected loop counting up. Recommend loops count down as detecting zeros is easier
"../SoftwarePWM.c", line 38: remark #1527-D: (ULP 2.1) Detected SW delay loop using empty loop. Recommend using a timer module instead
'Finished building: ../SoftwarePWM.c'
' '
gmake: Target 'all' not remade because of errors.

**** Build Finished ****

**** Build of configuration Debug for project MSP430FR6989 ****

"C:\\ti\\Code Composer\\ccsv7\\utils\\bin\\gmake" -k -j 4 all -O 
'Building file: ../HardwarePWM.c'
'Invoking: MSP430 Compiler'
"C:/ti/Code Composer/ccsv7/tools/compiler/ti-cgt-msp430_16.9.3.LTS/bin/cl430" -vmspx --data_model=restricted --use_hw_mpy=F5 --include_path="C:/ti/Code Composer/ccsv7/ccs_base/msp430/include" --include_path="G:/School/Senior1/Embedded/GitHub/lab-4-timers-and-pwm-fraserj0/MSP430FR6989/MSP430FR6989" --include_path="C:/ti/Code Composer/ccsv7/tools/compiler/ti-cgt-msp430_16.9.3.LTS/include" --advice:power=all --advice:hw_config=all --define=__MSP430FR6989__ --define=_MPU_ENABLE -g --printf_support=minimal --diag_warning=225 --diag_wrap=off --display_error_number --silicon_errata=CPU21 --silicon_errata=CPU22 --silicon_errata=CPU40 --preproc_with_compile --preproc_dependency="HardwarePWM.d"  "../HardwarePWM.c"

>> Compilation failure
subdir_rules.mk:16: recipe for target 'HardwarePWM.obj' failed
"../HardwarePWM.c", line 14: error #20: identifier "P9SEL" is undefined
"../HardwarePWM.c", line 15: error #20: identifier "P9SEL2" is undefined
"../HardwarePWM.c", line 22: warning #994-D: missing return statement at end of non-void function "HardwarePWM"
"../HardwarePWM.c", line 35: remark #1544-D: (ULP 13.1) Detected loop counting up. Recommend loops count down as detecting zeros is easier
"../HardwarePWM.c", line 35: remark #1527-D: (ULP 2.1) Detected SW delay loop using empty loop. Recommend using a timer module instead
2 errors detected in the compilation of "../HardwarePWM.c".
gmake: *** [HardwarePWM.obj] Error 1
gmake: Target 'all' not remade because of errors.

**** Build Finished ****

**** Build of configuration Debug for project MSP430FR6989 ****

"C:\\ti\\Code Composer\\ccsv7\\utils\\bin\\gmake" -k -j 4 all -O 
'Building file: ../HardwarePWM.c'
'Invoking: MSP430 Compiler'
"C:/ti/Code Composer/ccsv7/tools/compiler/ti-cgt-msp430_16.9.3.LTS/bin/cl430" -vmspx --data_model=restricted --use_hw_mpy=F5 --include_path="C:/ti/Code Composer/ccsv7/ccs_base/msp430/include" --include_path="G:/School/Senior1/Embedded/GitHub/lab-4-timers-and-pwm-fraserj0/MSP430FR6989/MSP430FR6989" --include_path="C:/ti/Code Composer/ccsv7/tools/compiler/ti-cgt-msp430_16.9.3.LTS/include" --advice:power=all --advice:hw_config=all --define=__MSP430FR6989__ --define=_MPU_ENABLE -g --printf_support=minimal --diag_warning=225 --diag_wrap=off --display_error_number --silicon_errata=CPU21 --silicon_errata=CPU22 --silicon_errata=CPU40 --preproc_with_compile --preproc_dependency="HardwarePWM.d"  "../HardwarePWM.c"

>> Compilation failure
subdir_rules.mk:16: recipe for target 'HardwarePWM.obj' failed
"../HardwarePWM.c", line 14: error #20: identifier "P1SEL" is undefined
"../HardwarePWM.c", line 15: error #20: identifier "P1SEL2" is undefined
"../HardwarePWM.c", line 22: warning #994-D: missing return statement at end of non-void function "HardwarePWM"
"../HardwarePWM.c", line 35: remark #1544-D: (ULP 13.1) Detected loop counting up. Recommend loops count down as detecting zeros is easier
"../HardwarePWM.c", line 35: remark #1527-D: (ULP 2.1) Detected SW delay loop using empty loop. Recommend using a timer module instead
2 errors detected in the compilation of "../HardwarePWM.c".
gmake: *** [HardwarePWM.obj] Error 1
gmake: Target 'all' not remade because of errors.

**** Build Finished ****

**** Build of configuration Debug for project MSP430FR6989 ****

"C:\\ti\\Code Composer\\ccsv7\\utils\\bin\\gmake" -k -j 4 all -O 
'Building file: ../HardwarePWM.c'
'Invoking: MSP430 Compiler'
"C:/ti/Code Composer/ccsv7/tools/compiler/ti-cgt-msp430_16.9.3.LTS/bin/cl430" -vmspx --data_model=restricted --use_hw_mpy=F5 --include_path="C:/ti/Code Composer/ccsv7/ccs_base/msp430/include" --include_path="G:/School/Senior1/Embedded/GitHub/lab-4-timers-and-pwm-fraserj0/MSP430FR6989/MSP430FR6989" --include_path="C:/ti/Code Composer/ccsv7/tools/compiler/ti-cgt-msp430_16.9.3.LTS/include" --advice:power=all --advice:hw_config=all --define=__MSP430FR6989__ --define=_MPU_ENABLE -g --printf_support=minimal --diag_warning=225 --diag_wrap=off --display_error_number --silicon_errata=CPU21 --silicon_errata=CPU22 --silicon_errata=CPU40 --preproc_with_compile --preproc_dependency="HardwarePWM.d"  "../HardwarePWM.c"
"../HardwarePWM.c", line 22: warning #994-D: missing return statement at end of non-void function "HardwarePWM"
"../HardwarePWM.c", line 35: remark #1544-D: (ULP 13.1) Detected loop counting up. Recommend loops count down as detecting zeros is easier
"../HardwarePWM.c", line 35: remark #1527-D: (ULP 2.1) Detected SW delay loop using empty loop. Recommend using a timer module instead
'Finished building: ../HardwarePWM.c'
' '
'Building target: MSP430FR6989.out'
'Invoking: MSP430 Linker'
"C:/ti/Code Composer/ccsv7/tools/compiler/ti-cgt-msp430_16.9.3.LTS/bin/cl430" -vmspx --data_model=restricted --use_hw_mpy=F5 --advice:power=all --advice:hw_config=all --define=__MSP430FR6989__ --define=_MPU_ENABLE -g --printf_support=minimal --diag_warning=225 --diag_wrap=off --display_error_number --silicon_errata=CPU21 --silicon_errata=CPU22 --silicon_errata=CPU40 -z -m"MSP430FR6989.map" --heap_size=160 --stack_size=160 --cinit_hold_wdt=on -i"C:/ti/Code Composer/ccsv7/ccs_base/msp430/include" -i"C:/ti/Code Composer/ccsv7/ccs_base/msp430/lib/5xx_6xx_FRxx" -i"C:/ti/Code Composer/ccsv7/ccs_base/msp430/lib/FR59xx" -i"C:/ti/Code Composer/ccsv7/tools/compiler/ti-cgt-msp430_16.9.3.LTS/lib" -i"C:/ti/Code Composer/ccsv7/tools/compiler/ti-cgt-msp430_16.9.3.LTS/include" --priority --reread_libs --define=_MPU_ENABLE --diag_wrap=off --display_error_number --warn_sections --xml_link_info="MSP430FR6989_linkInfo.xml" --use_hw_mpy=F5 --rom_model -o "MSP430FR6989.out" "./Debouncing.obj" "./HardwarePWM.obj" "./SoftwarePWM.obj" "./main.obj" "../lnk_msp430fr6989.cmd"  -llibmpu_init.a -llibmath.a -llibc.a 
<Linking>
error #10056: symbol "__TI_int37" redefined: first defined in "./Debouncing.obj"; redefined in "./HardwarePWM.obj"
error #10056: symbol "Port_1" redefined: first defined in "./Debouncing.obj"; redefined in "./HardwarePWM.obj"
error #10056: symbol "__TI_int37" redefined: first defined in "./Debouncing.obj"; redefined in "./SoftwarePWM.obj"
error #10056: symbol "__TI_int44" redefined: first defined in "./Debouncing.obj"; redefined in "./SoftwarePWM.obj"
error #10056: symbol "Port_1" redefined: first defined in "./Debouncing.obj"; redefined in "./SoftwarePWM.obj"
remark #10372-D: (ULP 4.1) Detected uninitialized Port A in this project. Recommend initializing all unused ports to eliminate wasted current consumption on unused pins.
error #10056: symbol "Timer_A" redefined: first defined in "./Debouncing.obj"; redefined in "./SoftwarePWM.obj"
remark #10372-D: (ULP 4.1) Detected uninitialized Port B in this project. Recommend initializing all unused ports to eliminate wasted current consumption on unused pins.
remark #10372-D: (ULP 4.1) Detected uninitialized Port C in this project. Recommend initializing all unused ports to eliminate wasted current consumption on unused pins.
remark #10372-D: (ULP 4.1) Detected uninitialized Port D in this project. Recommend initializing all unused ports to eliminate wasted current consumption on unused pins.
remark #10372-D: (ULP 4.1) Detected uninitialized Port E in this project. Recommend initializing all unused ports to eliminate wasted current consumption on unused pins.

>> Compilation failure
makefile:146: recipe for target 'MSP430FR6989.out' failed
error #10010: errors encountered during linking; "MSP430FR6989.out" not built
gmake[1]: *** [MSP430FR6989.out] Error 1
makefile:142: recipe for target 'all' failed
gmake: *** [all] Error 2

**** Build Finished ****

**** Build of configuration Debug for project MSP430FR6989 ****

"C:\\ti\\Code Composer\\ccsv7\\utils\\bin\\gmake" -k -j 4 all -O 
'Building file: ../Debouncing.c'
'Invoking: MSP430 Compiler'
"C:/ti/Code Composer/ccsv7/tools/compiler/ti-cgt-msp430_16.9.3.LTS/bin/cl430" -vmspx --data_model=restricted --use_hw_mpy=F5 --include_path="C:/ti/Code Composer/ccsv7/ccs_base/msp430/include" --include_path="G:/School/Senior1/Embedded/GitHub/lab-4-timers-and-pwm-fraserj0/MSP430FR6989/MSP430FR6989" --include_path="C:/ti/Code Composer/ccsv7/tools/compiler/ti-cgt-msp430_16.9.3.LTS/include" --advice:power=all --advice:hw_config=all --define=__MSP430FR6989__ --define=_MPU_ENABLE -g --printf_support=minimal --diag_warning=225 --diag_wrap=off --display_error_number --silicon_errata=CPU21 --silicon_errata=CPU22 --silicon_errata=CPU40 --preproc_with_compile --preproc_dependency="Debouncing.d"  "../Debouncing.c"
"../Debouncing.c", line 9: warning #9-D: nested comment is not allowed
'Finished building: ../Debouncing.c'
' '
'Building target: MSP430FR6989.out'
'Invoking: MSP430 Linker'
"C:/ti/Code Composer/ccsv7/tools/compiler/ti-cgt-msp430_16.9.3.LTS/bin/cl430" -vmspx --data_model=restricted --use_hw_mpy=F5 --advice:power=all --advice:hw_config=all --define=__MSP430FR6989__ --define=_MPU_ENABLE -g --printf_support=minimal --diag_warning=225 --diag_wrap=off --display_error_number --silicon_errata=CPU21 --silicon_errata=CPU22 --silicon_errata=CPU40 -z -m"MSP430FR6989.map" --heap_size=160 --stack_size=160 --cinit_hold_wdt=on -i"C:/ti/Code Composer/ccsv7/ccs_base/msp430/include" -i"C:/ti/Code Composer/ccsv7/ccs_base/msp430/lib/5xx_6xx_FRxx" -i"C:/ti/Code Composer/ccsv7/ccs_base/msp430/lib/FR59xx" -i"C:/ti/Code Composer/ccsv7/tools/compiler/ti-cgt-msp430_16.9.3.LTS/lib" -i"C:/ti/Code Composer/ccsv7/tools/compiler/ti-cgt-msp430_16.9.3.LTS/include" --priority --reread_libs --define=_MPU_ENABLE --diag_wrap=off --display_error_number --warn_sections --xml_link_info="MSP430FR6989_linkInfo.xml" --use_hw_mpy=F5 --rom_model -o "MSP430FR6989.out" "./Debouncing.obj" "./HardwarePWM.obj" "./SoftwarePWM.obj" "./main.obj" "../lnk_msp430fr6989.cmd"  -llibmpu_init.a -llibmath.a -llibc.a 
<Linking>
error #10056: symbol "__TI_int37" redefined: first defined in "./HardwarePWM.obj"; redefined in "./SoftwarePWM.obj"
remark #10372-D: (ULP 4.1) Detected uninitialized Port A in this project. Recommend initializing all unused ports to eliminate wasted current consumption on unused pins.
error #10056: symbol "Port_1" redefined: first defined in "./HardwarePWM.obj"; redefined in "./SoftwarePWM.obj"
remark #10372-D: (ULP 4.1) Detected uninitialized Port B in this project. Recommend initializing all unused ports to eliminate wasted current consumption on unused pins.
remark #10372-D: (ULP 4.1) Detected uninitialized Port C in this project. Recommend initializing all unused ports to eliminate wasted current consumption on unused pins.
remark #10372-D: (ULP 4.1) Detected uninitialized Port D in this project. Recommend initializing all unused ports to eliminate wasted current consumption on unused pins.
remark #10372-D: (ULP 4.1) Detected uninitialized Port E in this project. Recommend initializing all unused ports to eliminate wasted current consumption on unused pins.

>> Compilation failure
makefile:146: recipe for target 'MSP430FR6989.out' failed
error #10010: errors encountered during linking; "MSP430FR6989.out" not built
gmake[1]: *** [MSP430FR6989.out] Error 1
makefile:142: recipe for target 'all' failed
gmake: *** [all] Error 2

**** Build Finished ****

**** Build of configuration Debug for project MSP430FR6989 ****

"C:\\ti\\Code Composer\\ccsv7\\utils\\bin\\gmake" -k -j 4 all -O 
'Building file: ../SoftwarePWM.c'
'Invoking: MSP430 Compiler'
"C:/ti/Code Composer/ccsv7/tools/compiler/ti-cgt-msp430_16.9.3.LTS/bin/cl430" -vmspx --data_model=restricted --use_hw_mpy=F5 --include_path="C:/ti/Code Composer/ccsv7/ccs_base/msp430/include" --include_path="G:/School/Senior1/Embedded/GitHub/lab-4-timers-and-pwm-fraserj0/MSP430FR6989/MSP430FR6989" --include_path="C:/ti/Code Composer/ccsv7/tools/compiler/ti-cgt-msp430_16.9.3.LTS/include" --advice:power=all --advice:hw_config=all --define=__MSP430FR6989__ --define=_MPU_ENABLE -g --printf_support=minimal --diag_warning=225 --diag_wrap=off --display_error_number --silicon_errata=CPU21 --silicon_errata=CPU22 --silicon_errata=CPU40 --preproc_with_compile --preproc_dependency="SoftwarePWM.d"  "../SoftwarePWM.c"
'Finished building: ../SoftwarePWM.c'
' '
'Building target: MSP430FR6989.out'
'Invoking: MSP430 Linker'
"C:/ti/Code Composer/ccsv7/tools/compiler/ti-cgt-msp430_16.9.3.LTS/bin/cl430" -vmspx --data_model=restricted --use_hw_mpy=F5 --advice:power=all --advice:hw_config=all --define=__MSP430FR6989__ --define=_MPU_ENABLE -g --printf_support=minimal --diag_warning=225 --diag_wrap=off --display_error_number --silicon_errata=CPU21 --silicon_errata=CPU22 --silicon_errata=CPU40 -z -m"MSP430FR6989.map" --heap_size=160 --stack_size=160 --cinit_hold_wdt=on -i"C:/ti/Code Composer/ccsv7/ccs_base/msp430/include" -i"C:/ti/Code Composer/ccsv7/ccs_base/msp430/lib/5xx_6xx_FRxx" -i"C:/ti/Code Composer/ccsv7/ccs_base/msp430/lib/FR59xx" -i"C:/ti/Code Composer/ccsv7/tools/compiler/ti-cgt-msp430_16.9.3.LTS/lib" -i"C:/ti/Code Composer/ccsv7/tools/compiler/ti-cgt-msp430_16.9.3.LTS/include" --priority --reread_libs --define=_MPU_ENABLE --diag_wrap=off --display_error_number --warn_sections --xml_link_info="MSP430FR6989_linkInfo.xml" --use_hw_mpy=F5 --rom_model -o "MSP430FR6989.out" "./Debouncing.obj" "./HardwarePWM.obj" "./SoftwarePWM.obj" "./main.obj" "../lnk_msp430fr6989.cmd"  -llibmpu_init.a -llibmath.a -llibc.a 
<Linking>
remark #10372-D: (ULP 4.1) Detected uninitialized Port A in this project. Recommend initializing all unused ports to eliminate wasted current consumption on unused pins.
remark #10372-D: (ULP 4.1) Detected uninitialized Port B in this project. Recommend initializing all unused ports to eliminate wasted current consumption on unused pins.
remark #10372-D: (ULP 4.1) Detected uninitialized Port C in this project. Recommend initializing all unused ports to eliminate wasted current consumption on unused pins.
remark #10372-D: (ULP 4.1) Detected uninitialized Port D in this project. Recommend initializing all unused ports to eliminate wasted current consumption on unused pins.
remark #10372-D: (ULP 4.1) Detected uninitialized Port E in this project. Recommend initializing all unused ports to eliminate wasted current consumption on unused pins.
'Finished building target: MSP430FR6989.out'
' '

**** Build Finished ****

**** Build of configuration Debug for project MSP430FR6989 ****

"C:\\ti\\Code Composer\\ccsv7\\utils\\bin\\gmake" -k -j 4 all -O 
'Building file: ../HardwarePWM.c'
'Invoking: MSP430 Compiler'
"C:/ti/Code Composer/ccsv7/tools/compiler/ti-cgt-msp430_16.9.3.LTS/bin/cl430" -vmspx --data_model=restricted --use_hw_mpy=F5 --include_path="C:/ti/Code Composer/ccsv7/ccs_base/msp430/include" --include_path="G:/School/Senior1/Embedded/GitHub/lab-4-timers-and-pwm-fraserj0/MSP430FR6989/MSP430FR6989" --include_path="C:/ti/Code Composer/ccsv7/tools/compiler/ti-cgt-msp430_16.9.3.LTS/include" --advice:power=all --advice:hw_config=all --define=__MSP430FR6989__ --define=_MPU_ENABLE -g --printf_support=minimal --diag_warning=225 --diag_wrap=off --display_error_number --silicon_errata=CPU21 --silicon_errata=CPU22 --silicon_errata=CPU40 --preproc_with_compile --preproc_dependency="HardwarePWM.d"  "../HardwarePWM.c"
"../HardwarePWM.c", line 22: warning #994-D: missing return statement at end of non-void function "HardwarePWM"
"../HardwarePWM.c", line 35: remark #1544-D: (ULP 13.1) Detected loop counting up. Recommend loops count down as detecting zeros is easier
"../HardwarePWM.c", line 35: remark #1527-D: (ULP 2.1) Detected SW delay loop using empty loop. Recommend using a timer module instead
'Finished building: ../HardwarePWM.c'
' '
'Building target: MSP430FR6989.out'
'Invoking: MSP430 Linker'
"C:/ti/Code Composer/ccsv7/tools/compiler/ti-cgt-msp430_16.9.3.LTS/bin/cl430" -vmspx --data_model=restricted --use_hw_mpy=F5 --advice:power=all --advice:hw_config=all --define=__MSP430FR6989__ --define=_MPU_ENABLE -g --printf_support=minimal --diag_warning=225 --diag_wrap=off --display_error_number --silicon_errata=CPU21 --silicon_errata=CPU22 --silicon_errata=CPU40 -z -m"MSP430FR6989.map" --heap_size=160 --stack_size=160 --cinit_hold_wdt=on -i"C:/ti/Code Composer/ccsv7/ccs_base/msp430/include" -i"C:/ti/Code Composer/ccsv7/ccs_base/msp430/lib/5xx_6xx_FRxx" -i"C:/ti/Code Composer/ccsv7/ccs_base/msp430/lib/FR59xx" -i"C:/ti/Code Composer/ccsv7/tools/compiler/ti-cgt-msp430_16.9.3.LTS/lib" -i"C:/ti/Code Composer/ccsv7/tools/compiler/ti-cgt-msp430_16.9.3.LTS/include" --priority --reread_libs --define=_MPU_ENABLE --diag_wrap=off --display_error_number --warn_sections --xml_link_info="MSP430FR6989_linkInfo.xml" --use_hw_mpy=F5 --rom_model -o "MSP430FR6989.out" "./Debouncing.obj" "./HardwarePWM.obj" "./SoftwarePWM.obj" "./main.obj" "../lnk_msp430fr6989.cmd"  -llibmpu_init.a -llibmath.a -llibc.a 
<Linking>
remark #10372-D: (ULP 4.1) Detected uninitialized Port A in this project. Recommend initializing all unused ports to eliminate wasted current consumption on unused pins.
remark #10372-D: (ULP 4.1) Detected uninitialized Port B in this project. Recommend initializing all unused ports to eliminate wasted current consumption on unused pins.
remark #10372-D: (ULP 4.1) Detected uninitialized Port C in this project. Recommend initializing all unused ports to eliminate wasted current consumption on unused pins.
remark #10372-D: (ULP 4.1) Detected uninitialized Port D in this project. Recommend initializing all unused ports to eliminate wasted current consumption on unused pins.
remark #10372-D: (ULP 4.1) Detected uninitialized Port E in this project. Recommend initializing all unused ports to eliminate wasted current consumption on unused pins.
'Finished building target: MSP430FR6989.out'
' '

**** Build Finished ****

**** Build of configuration Debug for project MSP430FR6989 ****

"C:\\ti\\Code Composer\\ccsv7\\utils\\bin\\gmake" -k -j 4 all -O 
'Building file: ../HardwarePWM.c'
'Invoking: MSP430 Compiler'
"C:/ti/Code Composer/ccsv7/tools/compiler/ti-cgt-msp430_16.9.3.LTS/bin/cl430" -vmspx --data_model=restricted --use_hw_mpy=F5 --include_path="C:/ti/Code Composer/ccsv7/ccs_base/msp430/include" --include_path="G:/School/Senior1/Embedded/GitHub/lab-4-timers-and-pwm-fraserj0/MSP430FR6989/MSP430FR6989" --include_path="C:/ti/Code Composer/ccsv7/tools/compiler/ti-cgt-msp430_16.9.3.LTS/include" --advice:power=all --advice:hw_config=all --define=__MSP430FR6989__ --define=_MPU_ENABLE -g --printf_support=minimal --diag_warning=225 --diag_wrap=off --display_error_number --silicon_errata=CPU21 --silicon_errata=CPU22 --silicon_errata=CPU40 --preproc_with_compile --preproc_dependency="HardwarePWM.d"  "../HardwarePWM.c"
"../HardwarePWM.c", line 22: warning #994-D: missing return statement at end of non-void function "HardwarePWM"
"../HardwarePWM.c", line 35: remark #1544-D: (ULP 13.1) Detected loop counting up. Recommend loops count down as detecting zeros is easier
"../HardwarePWM.c", line 35: remark #1527-D: (ULP 2.1) Detected SW delay loop using empty loop. Recommend using a timer module instead
'Finished building: ../HardwarePWM.c'
' '
'Building target: MSP430FR6989.out'
'Invoking: MSP430 Linker'
"C:/ti/Code Composer/ccsv7/tools/compiler/ti-cgt-msp430_16.9.3.LTS/bin/cl430" -vmspx --data_model=restricted --use_hw_mpy=F5 --advice:power=all --advice:hw_config=all --define=__MSP430FR6989__ --define=_MPU_ENABLE -g --printf_support=minimal --diag_warning=225 --diag_wrap=off --display_error_number --silicon_errata=CPU21 --silicon_errata=CPU22 --silicon_errata=CPU40 -z -m"MSP430FR6989.map" --heap_size=160 --stack_size=160 --cinit_hold_wdt=on -i"C:/ti/Code Composer/ccsv7/ccs_base/msp430/include" -i"C:/ti/Code Composer/ccsv7/ccs_base/msp430/lib/5xx_6xx_FRxx" -i"C:/ti/Code Composer/ccsv7/ccs_base/msp430/lib/FR59xx" -i"C:/ti/Code Composer/ccsv7/tools/compiler/ti-cgt-msp430_16.9.3.LTS/lib" -i"C:/ti/Code Composer/ccsv7/tools/compiler/ti-cgt-msp430_16.9.3.LTS/include" --priority --reread_libs --define=_MPU_ENABLE --diag_wrap=off --display_error_number --warn_sections --xml_link_info="MSP430FR6989_linkInfo.xml" --use_hw_mpy=F5 --rom_model -o "MSP430FR6989.out" "./Debouncing.obj" "./HardwarePWM.obj" "./SoftwarePWM.obj" "./main.obj" "../lnk_msp430fr6989.cmd"  -llibmpu_init.a -llibmath.a -llibc.a 
<Linking>
remark #10372-D: (ULP 4.1) Detected uninitialized Port A in this project. Recommend initializing all unused ports to eliminate wasted current consumption on unused pins.
remark #10372-D: (ULP 4.1) Detected uninitialized Port B in this project. Recommend initializing all unused ports to eliminate wasted current consumption on unused pins.
remark #10372-D: (ULP 4.1) Detected uninitialized Port C in this project. Recommend initializing all unused ports to eliminate wasted current consumption on unused pins.
remark #10372-D: (ULP 4.1) Detected uninitialized Port D in this project. Recommend initializing all unused ports to eliminate wasted current consumption on unused pins.
remark #10372-D: (ULP 4.1) Detected uninitialized Port E in this project. Recommend initializing all unused ports to eliminate wasted current consumption on unused pins.
'Finished building target: MSP430FR6989.out'
' '

**** Build Finished ****

**** Build of configuration Debug for project MSP430FR6989 ****

"C:\\ti\\Code Composer\\ccsv7\\utils\\bin\\gmake" -k -j 4 all -O 
gmake[1]: 'MSP430FR6989.out' is up to date.

**** Build Finished ****

**** Build of configuration Debug for project MSP430FR6989 ****

"C:\\ti\\Code Composer\\ccsv7\\utils\\bin\\gmake" -k -j 4 all -O 
'Building file: ../HardwarePWM.c'
'Invoking: MSP430 Compiler'
"C:/ti/Code Composer/ccsv7/tools/compiler/ti-cgt-msp430_16.9.3.LTS/bin/cl430" -vmspx --data_model=restricted --use_hw_mpy=F5 --include_path="C:/ti/Code Composer/ccsv7/ccs_base/msp430/include" --include_path="G:/School/Senior1/Embedded/GitHub/lab-4-timers-and-pwm-fraserj0/MSP430FR6989/MSP430FR6989" --include_path="C:/ti/Code Composer/ccsv7/tools/compiler/ti-cgt-msp430_16.9.3.LTS/include" --advice:power=all --advice:hw_config=all --define=__MSP430FR6989__ --define=_MPU_ENABLE -g --printf_support=minimal --diag_warning=225 --diag_wrap=off --display_error_number --silicon_errata=CPU21 --silicon_errata=CPU22 --silicon_errata=CPU40 --preproc_with_compile --preproc_dependency="HardwarePWM.d"  "../HardwarePWM.c"
"../HardwarePWM.c", line 22: warning #994-D: missing return statement at end of non-void function "HardwarePWM"
"../HardwarePWM.c", line 35: remark #1544-D: (ULP 13.1) Detected loop counting up. Recommend loops count down as detecting zeros is easier
"../HardwarePWM.c", line 35: remark #1527-D: (ULP 2.1) Detected SW delay loop using empty loop. Recommend using a timer module instead
'Finished building: ../HardwarePWM.c'
' '
'Building target: MSP430FR6989.out'
'Invoking: MSP430 Linker'
"C:/ti/Code Composer/ccsv7/tools/compiler/ti-cgt-msp430_16.9.3.LTS/bin/cl430" -vmspx --data_model=restricted --use_hw_mpy=F5 --advice:power=all --advice:hw_config=all --define=__MSP430FR6989__ --define=_MPU_ENABLE -g --printf_support=minimal --diag_warning=225 --diag_wrap=off --display_error_number --silicon_errata=CPU21 --silicon_errata=CPU22 --silicon_errata=CPU40 -z -m"MSP430FR6989.map" --heap_size=160 --stack_size=160 --cinit_hold_wdt=on -i"C:/ti/Code Composer/ccsv7/ccs_base/msp430/include" -i"C:/ti/Code Composer/ccsv7/ccs_base/msp430/lib/5xx_6xx_FRxx" -i"C:/ti/Code Composer/ccsv7/ccs_base/msp430/lib/FR59xx" -i"C:/ti/Code Composer/ccsv7/tools/compiler/ti-cgt-msp430_16.9.3.LTS/lib" -i"C:/ti/Code Composer/ccsv7/tools/compiler/ti-cgt-msp430_16.9.3.LTS/include" --priority --reread_libs --define=_MPU_ENABLE --diag_wrap=off --display_error_number --warn_sections --xml_link_info="MSP430FR6989_linkInfo.xml" --use_hw_mpy=F5 --rom_model -o "MSP430FR6989.out" "./Debouncing.obj" "./HardwarePWM.obj" "./SoftwarePWM.obj" "./main.obj" "../lnk_msp430fr6989.cmd"  -llibmpu_init.a -llibmath.a -llibc.a 
<Linking>
remark #10372-D: (ULP 4.1) Detected uninitialized Port A in this project. Recommend initializing all unused ports to eliminate wasted current consumption on unused pins.
remark #10372-D: (ULP 4.1) Detected uninitialized Port B in this project. Recommend initializing all unused ports to eliminate wasted current consumption on unused pins.
remark #10372-D: (ULP 4.1) Detected uninitialized Port C in this project. Recommend initializing all unused ports to eliminate wasted current consumption on unused pins.
remark #10372-D: (ULP 4.1) Detected uninitialized Port D in this project. Recommend initializing all unused ports to eliminate wasted current consumption on unused pins.
remark #10372-D: (ULP 4.1) Detected uninitialized Port E in this project. Recommend initializing all unused ports to eliminate wasted current consumption on unused pins.
'Finished building target: MSP430FR6989.out'
' '

**** Build Finished ****
